<?xml version="1.0" encoding="UTF-8"?>
<!-- Generated by org.testng.reporters.JUnitReportReporter -->
<testsuite skipped="1" hostname="DESKTOP-0D58F7M" name="Booking.BookFlight" tests="4" failures="0" timestamp="2020-05-22T17:17:08 IST" time="0.027" errors="0">
  <testcase name="BookFlight_OneWay_TestCase3" time="0.004" classname="Booking.BookFlight"/>
  <system-out/>
  <testcase name="BookFlight_RoundTrip_TestCase2" time="0.007" classname="Booking.BookFlight"/>
  <system-out/>
  <testcase name="BookFlight_RoundTrip_TestCase1" time="0.016" classname="Booking.BookFlight"/>
  <system-out/>
  <testcase name="BookFlight_OneWay_TestCase4" classname="Booking.BookFlight">
    <skipped/>
  </testcase> <!-- BookFlight_OneWay_TestCase4 -->
  <system-out/>
</testsuite> <!-- Booking.BookFlight -->
