<?xml version="1.0" encoding="UTF-8"?>
<!-- Generated by org.testng.reporters.JUnitReportReporter -->
<testsuite skipped="0" hostname="DESKTOP-0D58F7M" name="Booking.BookFlight2" tests="2" failures="0" timestamp="2020-05-22T17:23:41 IST" time="0.004" errors="0">
  <testcase name="BookFlight_OneWay_TestCase2" time="0.002" classname="Booking.BookFlight2"/>
  <system-out/>
  <testcase name="BookFlight_RoundTrip_TestCase2" time="0.002" classname="Booking.BookFlight2"/>
  <system-out/>
</testsuite> <!-- Booking.BookFlight2 -->
