<?xml version="1.0" encoding="UTF-8"?>
<!-- Generated by org.testng.reporters.JUnitReportReporter -->
<testsuite skipped="0" hostname="DESKTOP-0D58F7M" name="Booking.FlightStatus" tests="1" failures="0" timestamp="2020-05-22T17:17:08 IST" time="0.001" errors="0">
  <testcase name="FlightStatus_TestCase1" time="0.001" classname="Booking.FlightStatus"/>
  <system-out/>
</testsuite> <!-- Booking.FlightStatus -->
