<?xml version="1.0" encoding="UTF-8"?>
<!-- Generated by org.testng.reporters.JUnitReportReporter -->
<testsuite skipped="0" hostname="DESKTOP-0D58F7M" name="Booking.BookHolidayPackage" tests="1" failures="0" timestamp="2020-05-22T17:23:41 IST" time="0.031" errors="0">
  <testcase name="BookHolidayPackage_destination" time="0.031" classname="Booking.BookHolidayPackage"/>
  <system-out/>
</testsuite> <!-- Booking.BookHolidayPackage -->
