<?xml version="1.0" encoding="UTF-8"?>
<!-- Generated by org.testng.reporters.JUnitReportReporter -->
<testsuite skipped="0" hostname="DESKTOP-0D58F7M" name="Booking.PmtDp" tests="8" failures="0" timestamp="2020-05-22T22:17:48 IST" time="0.047" errors="0">
  <testcase name="tc1" time="0.005" classname="Booking.PmtDp"/>
  <system-out/>
  <testcase name="tc1" time="0.002" classname="Booking.PmtDp"/>
  <system-out/>
  <testcase name="tc2" time="0.003" classname="Booking.PmtDp"/>
  <system-out/>
  <testcase name="tc1" time="0.002" classname="Booking.PmtDp"/>
  <system-out/>
  <testcase name="tc2" time="0.003" classname="Booking.PmtDp"/>
  <system-out/>
  <testcase name="tc2" time="0.003" classname="Booking.PmtDp"/>
  <system-out/>
  <testcase name="tc2" time="0.005" classname="Booking.PmtDp"/>
  <system-out/>
  <testcase name="tc1" time="0.024" classname="Booking.PmtDp"/>
  <system-out/>
</testsuite> <!-- Booking.PmtDp -->
