<?xml version="1.0" encoding="UTF-8"?>
<!-- Generated by org.testng.reporters.JUnitReportReporter -->
<testsuite skipped="0" hostname="DESKTOP-0D58F7M" name="Booking.Pmt" tests="1" failures="0" timestamp="2020-05-22T21:52:05 IST" time="0.025" errors="0">
  <testcase name="tc1" time="0.025" classname="Booking.Pmt"/>
  <system-out/>
</testsuite> <!-- Booking.Pmt -->
