<?xml version="1.0" encoding="UTF-8"?>
<!-- Generated by org.testng.reporters.JUnitReportReporter -->
<testsuite skipped="0" hostname="DESKTOP-0D58F7M" name="Booking.BookHotel" tests="3" failures="0" timestamp="2020-05-22T17:17:08 IST" time="0.012" errors="0">
  <testcase name="BookHotel_checkin" time="0.003" classname="Booking.BookHotel"/>
  <system-out/>
  <testcase name="BookHotel_checkout" time="0.002" classname="Booking.BookHotel"/>
  <system-out/>
  <testcase name="BookHotel_destination" time="0.007" classname="Booking.BookHotel"/>
  <system-out/>
</testsuite> <!-- Booking.BookHotel -->
