<?xml version="1.0" encoding="UTF-8"?>
<!-- Generated by org.testng.reporters.JUnitReportReporter -->
<testsuite skipped="0" hostname="DESKTOP-0D58F7M" name="OnlineCheckin.CkeckinOnline" tests="1" failures="0" timestamp="2020-05-22T17:17:08 IST" time="0.003" errors="0">
  <testcase name="CheckinOnline_PNRnumber" time="0.003" classname="OnlineCheckin.CkeckinOnline"/>
  <system-out/>
</testsuite> <!-- OnlineCheckin.CkeckinOnline -->
